[	22-06-2020 14:32:33	] [KICK ACTION] Player: Tatiana Cardy has kicked: Alex Sherma for: You have been kicked. Reason: con.
[	22-06-2020 20:42:36	] [KICK ACTION] Player: Tatiana Cardy has kicked: Frank Sherma for: You have been kicked. Reason: AFK .
[	22-06-2020 22:38:24	] [KICK ACTION] Player: Roxanne Sting has kicked: Walter Black for: You have been kicked. Reason: va sortir ta main de la fermeture éclaire.
[	22-06-2020 23:12:55	] [KICK ACTION] Player: Roxanne Sting has kicked: Walter Black for: You have been kicked. Reason: bisou.
[	23-06-2020 17:54:49	] [KICK ACTION] Player: Tatiana Cardy has kicked: Pedro Paul for: You have been kicked. Reason: vocal RP +stream HACK .
[	23-06-2020 18:34:11	] [KICK ACTION] Player: Telvis Venegar has kicked: Pedro Paul for: You have been kicked. Reason: AFK !.
[	23-06-2020 21:02:41	] [KICK ACTION] Player: Tatiana Cardy has kicked: Kendysuuuuu [brayan sanchez] for: You have been kicked. Reason: troll.
[	24-06-2020 18:54:54	] [KICK ACTION] Player: Tatiana Cardy has kicked: thysma77220 for: You have been kicked. Reason: nom rp +vocal discord rp .
[	24-06-2020 19:14:54	] [KICK ACTION] Player: Tatiana Cardy has kicked: Jake Vendetta for: You have been kicked. Reason: merci de rejoindre le discord vocal rp .
[	24-06-2020 21:38:39	] [KICK ACTION] Player: Roxanne Sting has kicked: Max Hardeur for: You have been kicked. Reason: PING.
[	26-06-2020 16:03:55	] [KICK ACTION] Player: Tatiana Cardy has kicked: Iron Bishop for: You have been kicked. Reason: afk.
[	26-06-2020 21:46:53	] [KICK ACTION] Player: Tatiana Cardy has kicked: Frank Sherma for: You have been kicked. Reason: afk.
[	28-06-2020 01:04:18	] [KICK ACTION] Player: Tatiana Cardy has kicked: youness shift for: You have been kicked. Reason: manque de respect vole .
[	28-06-2020 01:09:57	] [KICK ACTION] Player: Tatiana Cardy has kicked: Jason Adams for: You have been kicked. Reason: manque de respect .
[	29-06-2020 16:16:05	] [KICK ACTION] Player: Davidd94700 has kicked: John Sherma for: You have been kicked. Reason: free kill.
[	29-06-2020 16:16:20	] [KICK ACTION] Player: Davidd94700 has kicked: Alex Sherma for: You have been kicked. Reason: freekill.
[	29-06-2020 16:44:09	] [KICK ACTION] Player: Davidd94700 has kicked: Alex Sherma for: You have been kicked. Reason: vocal rp.
[	29-06-2020 20:32:25	] [KICK ACTION] Player: Tatiana Cardy has kicked: Jason Adams for: You have been kicked. Reason: 2 eme fois vocal rp .
[	29-06-2020 20:32:43	] [KICK ACTION] Player: Tatiana Cardy has kicked: Alex Sherma for: You have been kicked. Reason: vocal rp .
[	29-06-2020 20:43:44	] [KICK ACTION] Player: Tatiana Cardy has kicked: Jason Adams for: You have been kicked. Reason: afk.
[	08-07-2020 18:19:27	] [KICK ACTION] Player: Davidd94700 has kicked: John Spencer for: You have been kicked. Reason: metier EMS tenue EMS obligatoire ont fait pas des tenues comme ont veut .
[	08-07-2020 18:20:02	] [KICK ACTION] Player: Davidd94700 has kicked: Pedro Paul for: You have been kicked. Reason: metier ems tenues ems obligatoire ont fait pas des tenues metier comme ont le veut.
[	10-07-2020 04:04:12	] [KICK ACTION] Player: LEA RED has kicked: MELLY VEYNE for: You have been kicked. Reason: carkill.
[	22-07-2020 21:14:57	] [KICK ACTION] Player: Davidd94700 has kicked: Aiden Conor for: You have been kicked. Reason: vocal rp.
[	23-07-2020 20:41:30	] [KICK ACTION] Player: Davidd94700 has kicked: Iron Bishop for: You have been kicked. Reason: vocal rp.
[	23-07-2020 20:41:43	] [KICK ACTION] Player: Davidd94700 has kicked: Juan Marquinez for: You have been kicked. Reason: vocal rp.
[	14-08-2020 20:38:11	] [KICK ACTION] Player: Lea Kevin has kicked: Aaron Ashfold for: You have been kicked. Reason: rejoindre le vocal rp discord merci .
[	15-08-2020 02:01:24	] [KICK ACTION] Player: Lea Kevin has kicked: Barry Allen for: You have been kicked. Reason: afk.
[	20-08-2020 19:48:55	] [KICK ACTION] Player: Lea Kevin has kicked: James Wilson for: You have been kicked. Reason: afk.
[	20-08-2020 21:17:48	] [KICK ACTION] Player: Lea Kevin has kicked: Eliott Parker for: You have been kicked. Reason: merci de rejoindre le vocal rp discord merci .
[	20-08-2020 21:19:27	] [KICK ACTION] Player: Lea Kevin has kicked: Ace Grayson | Kxrma for: You have been kicked. Reason: vocal rp merci .
[	20-08-2020 23:17:43	] [KICK ACTION] Player: Lea Kevin has kicked: Cold Grayson for: You have been kicked. Reason: vocal rp svp .
[	20-08-2020 23:17:54	] [KICK ACTION] Player: Lea Kevin has kicked: Jason Grayson for: You have been kicked. Reason: vocal rp svp merci .
[	20-08-2020 23:18:03	] [KICK ACTION] Player: Lea Kevin has kicked:  for: You have been kicked. Reason: vocal rp svp .
[	21-08-2020 00:53:39	] [KICK ACTION] Player: Lea Kevin has kicked: sergio Bartolotti for: You have been kicked. Reason: BON VOYAGE SUR ARCADIA.
[	22-08-2020 22:04:52	] [KICK ACTION] Player: Lea Kevin has kicked: Edward Barbier for: You have been kicked. Reason: utlisation mode menu .
[	28-08-2020 18:15:48	] [KICK ACTION] Player: Lea Red has kicked: Joseph Armando for: You have been kicked. Reason: afk.
[	03-09-2020 10:53:08	] [KICK ACTION] Player: Lea Red has kicked: Do_low_ris for: You have been kicked. Reason: deja apprend le respect pour revenir sur le serveur et respect le reglement d'avoir un nom RP ingame.
